<?xml version="1.0" encoding="UTF-8"?>
<testsuite xmlns:xsi="http://www.w3.org/2001/XMLSchema-instance" xsi:noNamespaceSchemaLocation="https://maven.apache.org/surefire/maven-surefire-plugin/xsd/surefire-test-report.xsd" name="com.darkchitect.springboot.firstspringbootapp.controller.SurveyControllerTest" time="18.409" tests="5" errors="0" skipped="0" failures="0">
  <properties>
[...]
</properties>
  <testcase name="addQuestionToSurveyTest" classname="com.darkchitect.springboot.firstspringbootapp.controller.SurveyControllerTest" time="0.473"/>
  <testcase name="retrieveSurveyQuestionTest" classname="com.darkchitect.springboot.firstspringbootapp.controller.SurveyControllerTest" time="0.136"/>
  <testcase name="retrieveQuestionForSurveyTest" classname="com.darkchitect.springboot.firstspringbootapp.controller.SurveyControllerTest" time="0.011"/>
  <testcase name="getSurveyWithIdTest" classname="com.darkchitect.springboot.firstspringbootapp.controller.SurveyControllerTest" time="0.014"/>
  <testcase name="getSurveysTest" classname="com.darkchitect.springboot.firstspringbootapp.controller.SurveyControllerTest" time="0.011"/>
</testsuite>